Crashlog created at 2014-12-23 18:34:58 +0200

===== MESSAGE:

TypeError: no implicit conversion of nil into String

===== COMPILATION STACK:

  (empty)

===== STACK TRACE:

  0. /Users/robert/projects/travel/Rules:43:in `+'
  1. /Users/robert/projects/travel/Rules:43:in `block in parse'
  2. /Users/robert/.rbenv/versions/2.1.3/lib/ruby/gems/2.1.0/gems/nanoc-3.7.4/lib/nanoc/base/compilation/rule.rb:70:in `instance_eval'
  3. /Users/robert/.rbenv/versions/2.1.3/lib/ruby/gems/2.1.0/gems/nanoc-3.7.4/lib/nanoc/base/compilation/rule.rb:70:in `apply_to'
  4. /Users/robert/.rbenv/versions/2.1.3/lib/ruby/gems/2.1.0/gems/nanoc-3.7.4/lib/nanoc/base/compilation/compiler.rb:241:in `block (2 levels) in route_reps'
  5. /Users/robert/.rbenv/versions/2.1.3/lib/ruby/gems/2.1.0/gems/nanoc-3.7.4/lib/nanoc/base/compilation/compiler.rb:239:in `each_pair'
  6. /Users/robert/.rbenv/versions/2.1.3/lib/ruby/gems/2.1.0/gems/nanoc-3.7.4/lib/nanoc/base/compilation/compiler.rb:239:in `block in route_reps'
  7. /Users/robert/.rbenv/versions/2.1.3/lib/ruby/gems/2.1.0/gems/nanoc-3.7.4/lib/nanoc/base/compilation/compiler.rb:234:in `each'
  8. /Users/robert/.rbenv/versions/2.1.3/lib/ruby/gems/2.1.0/gems/nanoc-3.7.4/lib/nanoc/base/compilation/compiler.rb:234:in `route_reps'
  9. /Users/robert/.rbenv/versions/2.1.3/lib/ruby/gems/2.1.0/gems/nanoc-3.7.4/lib/nanoc/base/compilation/compiler.rb:125:in `load'
  10. /Users/robert/.rbenv/versions/2.1.3/lib/ruby/gems/2.1.0/gems/nanoc-3.7.4/lib/nanoc/base/compilation/compiler.rb:82:in `run'
  11. /Users/robert/.rbenv/versions/2.1.3/lib/ruby/gems/2.1.0/gems/nanoc-3.7.4/lib/nanoc/base/source_data/site.rb:59:in `compile'
  12. /Users/robert/.rbenv/versions/2.1.3/lib/ruby/gems/2.1.0/gems/guard-nanoc-1.0.3/lib/guard/nanoc.rb:65:in `block in recompile'
  13. /Users/robert/.rbenv/versions/2.1.3/lib/ruby/gems/2.1.0/gems/guard-nanoc-1.0.3/lib/guard/nanoc.rb:63:in `chdir'
  14. /Users/robert/.rbenv/versions/2.1.3/lib/ruby/gems/2.1.0/gems/guard-nanoc-1.0.3/lib/guard/nanoc.rb:63:in `recompile'
  15. /Users/robert/.rbenv/versions/2.1.3/lib/ruby/gems/2.1.0/gems/guard-nanoc-1.0.3/lib/guard/nanoc.rb:32:in `run_on_removals'
  16. /Users/robert/.rbenv/versions/2.1.3/lib/ruby/gems/2.1.0/gems/guard-2.10.5/lib/guard/runner.rb:82:in `block in _supervise'
  17. /Users/robert/.rbenv/versions/2.1.3/lib/ruby/gems/2.1.0/gems/guard-2.10.5/lib/guard/runner.rb:79:in `catch'
  18. /Users/robert/.rbenv/versions/2.1.3/lib/ruby/gems/2.1.0/gems/guard-2.10.5/lib/guard/runner.rb:79:in `_supervise'
  19. /Users/robert/.rbenv/versions/2.1.3/lib/ruby/gems/2.1.0/gems/guard-2.10.5/lib/guard/runner.rb:61:in `block (3 levels) in run_on_changes'
  20. /Users/robert/.rbenv/versions/2.1.3/lib/ruby/gems/2.1.0/gems/guard-2.10.5/lib/guard/runner.rb:56:in `each'
  21. /Users/robert/.rbenv/versions/2.1.3/lib/ruby/gems/2.1.0/gems/guard-2.10.5/lib/guard/runner.rb:56:in `block (2 levels) in run_on_changes'
  22. /Users/robert/.rbenv/versions/2.1.3/lib/ruby/gems/2.1.0/gems/guard-2.10.5/lib/guard/runner.rb:119:in `block (2 levels) in _run_group_plugins'
  23. /Users/robert/.rbenv/versions/2.1.3/lib/ruby/gems/2.1.0/gems/guard-2.10.5/lib/guard/runner.rb:117:in `each'
  24. /Users/robert/.rbenv/versions/2.1.3/lib/ruby/gems/2.1.0/gems/guard-2.10.5/lib/guard/runner.rb:117:in `block in _run_group_plugins'
  25. /Users/robert/.rbenv/versions/2.1.3/lib/ruby/gems/2.1.0/gems/guard-2.10.5/lib/guard/runner.rb:116:in `catch'
  26. /Users/robert/.rbenv/versions/2.1.3/lib/ruby/gems/2.1.0/gems/guard-2.10.5/lib/guard/runner.rb:116:in `_run_group_plugins'
  27. /Users/robert/.rbenv/versions/2.1.3/lib/ruby/gems/2.1.0/gems/guard-2.10.5/lib/guard/runner.rb:54:in `block in run_on_changes'
  28. /Users/robert/.rbenv/versions/2.1.3/lib/ruby/gems/2.1.0/gems/guard-2.10.5/lib/guard/runner.rb:53:in `each'
  29. /Users/robert/.rbenv/versions/2.1.3/lib/ruby/gems/2.1.0/gems/guard-2.10.5/lib/guard/runner.rb:53:in `run_on_changes'
  30. /Users/robert/.rbenv/versions/2.1.3/lib/ruby/gems/2.1.0/gems/guard-2.10.5/lib/guard/internals/queue.rb:23:in `process'
  31. /Users/robert/.rbenv/versions/2.1.3/lib/ruby/gems/2.1.0/gems/guard-2.10.5/lib/guard/commander.rb:43:in `start'
  32. /Users/robert/.rbenv/versions/2.1.3/lib/ruby/gems/2.1.0/gems/guard-2.10.5/lib/guard/cli/environments/valid.rb:16:in `start_guard'
  33. /Users/robert/.rbenv/versions/2.1.3/lib/ruby/gems/2.1.0/gems/guard-2.10.5/lib/guard/cli.rb:108:in `start'
  34. /Users/robert/.rbenv/versions/2.1.3/lib/ruby/gems/2.1.0/gems/thor-0.19.1/lib/thor/command.rb:27:in `run'
  35. /Users/robert/.rbenv/versions/2.1.3/lib/ruby/gems/2.1.0/gems/thor-0.19.1/lib/thor/invocation.rb:126:in `invoke_command'
  36. /Users/robert/.rbenv/versions/2.1.3/lib/ruby/gems/2.1.0/gems/thor-0.19.1/lib/thor.rb:359:in `dispatch'
  37. /Users/robert/.rbenv/versions/2.1.3/lib/ruby/gems/2.1.0/gems/thor-0.19.1/lib/thor/base.rb:440:in `start'
  38. /Users/robert/.rbenv/versions/2.1.3/lib/ruby/gems/2.1.0/gems/guard-2.10.5/lib/guard/aruba_adapter.rb:32:in `execute'
  39. /Users/robert/.rbenv/versions/2.1.3/lib/ruby/gems/2.1.0/gems/guard-2.10.5/lib/guard/aruba_adapter.rb:19:in `execute!'
  40. /Users/robert/.rbenv/versions/2.1.3/lib/ruby/gems/2.1.0/gems/guard-2.10.5/bin/guard:11:in `<top (required)>'
  41. /Users/robert/.rbenv/versions/2.1.3/bin/guard:23:in `load'

===== VERSION INFORMATION:

nanoc 3.7.4 © 2007-2014 Denis Defreyne.
Running ruby 2.1.3 (2014-09-19) on x86_64-darwin13.0 with RubyGems 2.2.2.

===== SYSTEM INFORMATION:

Darwin rob.local 14.0.0 Darwin Kernel Version 14.0.0: Fri Sep 19 00:26:44 PDT 2014; root:xnu-2782.1.97~2/RELEASE_X86_64 x86_64

===== INSTALLED GEMS:

  CFPropertyList 2.2.8
  actionmailer 4.1.6, 4.1.8, 4.2.0.rc1, 4.2.0
  actionpack 4.1.6, 4.1.8, 4.2.0.rc1, 4.2.0
  actionview 4.1.6, 4.1.8, 4.2.0.rc1, 4.2.0
  active_interaction 1.3.0
  active_model_serializers 0.9.0
  activejob 4.2.0.rc1, 4.2.0
  activemodel 4.1.6, 4.1.8, 4.2.0.rc1, 4.2.0
  activerecord 4.1.6, 4.1.8, 4.2.0.rc1, 4.2.0
  activesupport 4.1.6, 4.1.8, 4.2.0.rc1, 4.2.0
  addressable 2.3.6
  ansi 1.4.3
  arel 5.0.1.20140414130214, 6.0.0
  aws-sdk 1.53.0
  aws-sdk-v1 1.53.0
  backports 3.6.0
  bcrypt 3.1.7, 3.1.9
  better_errors 2.0.0
  bigdecimal 1.2.4
  binding_of_caller 0.7.2
  bitters 0.10.1
  bluecloth 2.2.0
  bootstrap-sass 3.2.0.2, 3.3.0.1, 3.3.1.0
  bourbon 3.2.3
  builder 3.2.2
  bundler 1.7.3
  byebug 3.5.1
  capybara 2.4.1, 2.4.4
  capybara-webkit 1.3.1
  carrierwave 0.10.0
  celluloid 0.16.0
  childprocess 0.5.3
  chronic 0.10.2
  clickatell 0.8.2
  climate_control 0.0.3
  cocaine 0.5.4
  coderay 1.1.0
  coffee-rails 4.0.1, 4.1.0
  coffee-script 2.3.0
  coffee-script-source 1.8.0
  colored 1.2
  columnize 0.8.9, 0.9.0
  connection_pool 2.0.0
  cri 2.6.1
  daemons 1.1.9
  database_cleaner 1.3.0
  debug_inspector 0.0.2
  debugger-linecache 1.2.0
  diff-lcs 1.2.5
  dotenv 0.11.1, 1.0.2
  dotenv-deployment 0.0.2
  dotenv-rails 0.11.1, 1.0.2
  email_validator 1.4.0
  erubis 2.7.0
  eventmachine 1.0.3
  excon 0.39.5, 0.42.0
  execjs 2.2.1, 2.2.2
  factory_girl 4.4.0, 4.5.0
  factory_girl_rails 4.4.1, 4.5.0
  faraday 0.9.0
  ffi 1.9.3
  fission 0.5.0
  fog 1.25.0
  fog-brightbox 0.7.0
  fog-core 1.25.0
  fog-json 1.0.0
  fog-profitbricks 0.0.1
  fog-radosgw 0.0.3
  fog-sakuracloud 0.1.1
  fog-softlayer 0.3.25
  fog-terremark 0.0.3
  fog-vmfusion 0.0.1
  fog-voxel 0.0.2
  fog-xml 0.1.1
  font-awesome-rails 4.2.0.0
  font-awesome-sass 4.2.2
  foreman 0.75.0
  formatador 0.2.5
  friendly_id 5.0.4
  globalid 0.3.0
  gretel 3.0.8
  guard 2.10.5
  guard-nanoc 1.0.3
  haml 4.0.5, 4.0.6
  handlebars_assets 0.18
  hashr 0.0.22
  heroku-api 0.3.19
  heroku_rails_deflate 1.0.3
  heroku_san 4.3.2
  hike 1.2.3
  hitimes 1.2.2
  honeybadger 1.16.5
  httparty 0.13.1
  httpclient 2.4.0
  i18n 0.6.11, 0.7.0.beta1, 0.7.0
  ice_cube 0.12.1
  inflecto 0.0.2
  io-console 0.4.2
  ipaddress 0.8.0
  jbuilder 2.1.3, 2.2.4, 2.2.5, 2.2.6
  jquery-fileupload-rails 0.4.1
  jquery-rails 3.1.2, 4.0.0, 4.0.2
  jquery-ui-rails 5.0.2, 5.0.3
  js-routes 0.9.9
  json 1.8.1
  jwt 1.0.0
  kaminari 0.16.1
  kgio 2.9.2
  launchy 2.4.2
  letter_opener 1.2.0
  libv8 3.16.14.7
  listen 2.8.4
  loofah 2.0.1
  lumberjack 1.0.9
  mail 2.6.1, 2.6.3
  method_source 0.8.2
  mime-types 2.3, 2.4.3
  mini_magick 4.0.1
  mini_portile 0.6.0, 0.6.1
  minitest 4.7.5, 5.4.1, 5.4.2, 5.4.3, 5.5.0
  multi_json 1.10.1
  multi_xml 0.5.5
  multipart-post 2.0.0
  nanoc 3.7.4
  neat 1.5.1
  nenv 0.1.1
  net-scp 1.2.1
  net-ssh 2.9.1
  netrc 0.7.7, 0.8.0
  newrelic_rpm 3.9.4.245
  nokogiri 1.6.3.1, 1.6.5
  oauth 0.4.7
  oauth2 0.9.4
  opennebula 4.10.1
  paper_trail 3.0.6
  paperclip 4.2.0
  pdf-core 0.2.5
  pg 0.17.1
  prawn 1.0.0
  protected_attributes 1.0.8
  pry 0.10.1
  psych 2.0.5
  pundit 0.3.0
  pusher 0.14.1
  quiet_assets 1.0.3
  rack 1.5.2, 1.6.0.beta2, 1.6.0
  rack-jsonp-middleware 0.0.10
  rack-protection 1.5.1
  rack-test 0.6.2
  rails 4.1.6, 4.1.8, 4.2.0.rc1, 4.2.0
  rails-deprecated_sanitizer 1.0.3
  rails-dom-testing 1.0.5
  rails-html-sanitizer 1.0.1
  rails_12factor 0.0.2, 0.0.3
  rails_serve_static_assets 0.0.2
  rails_stdout_logging 0.0.3
  railsbricks 3.0.3
  railties 4.1.6, 4.1.8, 4.2.0.rc1, 4.2.0
  raindrops 0.13.0
  rake 10.1.0, 10.3.2, 10.4.1, 10.4.2
  rb-fsevent 0.9.4
  rb-inotify 0.9.5
  rbvmomi 1.8.2
  rdoc 4.1.0, 4.1.2, 4.2.0
  react-rails 0.11.1.0, 0.12.0.0
  react-source 0.11.1, 0.12.0
  redis 3.1.0
  redis-namespace 1.5.1
  ref 1.0.5
  responders 2.0.2
  rest-client 1.7.2
  rspec-core 3.1.4, 3.1.7
  rspec-expectations 3.1.1, 3.1.2
  rspec-mocks 3.1.1, 3.1.3
  rspec-rails 3.1.0
  rspec-support 3.1.0, 3.1.2
  rubyzip 1.1.6
  rxjs-rails 2.3.9, 2.3.14
  sass 3.2.19
  sass-rails 4.0.3, 4.0.4, 4.0.5
  schema_plus 1.5.3
  sdoc 0.4.1
  selenium-webdriver 2.43.0
  sidekiq 3.0.2
  sidetiq 0.6.1
  signature 0.1.7
  simple_form 3.0.2, 3.1.0
  sinatra 1.4.5
  sinatra-contrib 1.4.2
  slim 2.0.3, 2.1.0
  slim-rails 2.1.5
  slop 3.6.0
  sorcery 0.8.6
  spring 1.1.3, 1.2.0
  sprockets 2.11.0, 2.12.3
  sprockets-rails 2.1.4, 2.2.0, 2.2.2
  sqlite3 1.3.10
  storytime 1.0.5
  stripe 1.15.0
  temple 0.6.8, 0.6.10
  test-unit 2.1.3.0
  therubyracer 0.12.1
  thin 1.6.3
  thor 0.19.1
  thread_safe 0.3.4
  tilt 1.4.1
  timecop 0.7.1
  timers 4.0.1
  tire 0.6.2
  trollop 2.0
  ttfunk 1.1.1
  turbolinks 2.5.2, 2.5.3
  twilio-ruby 3.13.1
  tzinfo 1.2.2
  uglifier 2.5.3, 2.6.0
  unicorn 4.8.3
  valuable 0.9.8
  web-console 2.0.0
  websocket 1.2.1
  whenever 0.9.4
  xpath 2.0.0

===== ENVIRONMENT:

Apple_PubSub_Socket_Render => "/private/tmp/com.apple.launchd.HLPoP3vXM4/Render"
COLORFGBG => "15;0"
COLUMNS => "178"
GUARD_NOTIFIERS => "---\n- :name: :terminal_title\n  :options:\n    :silent: true\n"
GUARD_NOTIFY_ACTIVE => "true"
GUARD_NOTIFY_PID => "33242"
HOME => "/Users/robert"
ITERM_PROFILE => "Work"
ITERM_SESSION_ID => "w0t0p0"
LANG => "en_US.UTF-8"
LC_ALL => "en_US.UTF-8"
LC_CTYPE => ""
LESS => "-R"
LINES => "58"
LOGNAME => "robert"
LSCOLORS => "Gxfxcxdxbxegedabagacad"
PAGER => "less"
PATH => "/Users/robert/.rbenv/versions/2.1.3/bin:/Users/robert/.rbenv/libexec:/Users/robert/.rbenv/plugins/rbenv-aliases/bin:/Users/robert/.rbenv/plugins/ruby-build/bin:/usr/local/heroku/bin::/Users/robert/.rbenv/bin:/Users/robert/.rbenv/shims:/opt/local/bin:/opt/local/sbin:/opt/local/bin:/opt/local/sbin:/usr/local/bin:/usr/bin:/bin:/usr/sbin:/sbin:/usr/X11/bin:/usr/local/git/bin:/opt/local/bin:/opt/local/sbin:/usr/local/mysql/bin:/Users/Robert/Projects/mulberry:/Developer/SDKs/android-sdk-macosx/tools:/Developer/SDKs/android-sdk-macosx/platform-tools:/usr/local/mysql/bin:/Users/Robert/Projects/mulberry:/Developer/SDKs/android-sdk-macosx/tools:/Developer/SDKs/android-sdk-macosx/platform-tools:/usr/local/mysql/bin:/Users/Robert/Projects/mulberry:/Developer/SDKs/android-sdk-macosx/tools:/Developer/SDKs/android-sdk-macosx/platform-tools:/Users/Robert/Projects/mulberry/mulberry/bin:/usr/local/Cellar/android-sdk/24.0.1:/usr/local/sbin"
PWD => "/Users/robert/projects/travel"
RBENV_DIR => "/Users/robert/projects/travel"
RBENV_HOOK_PATH => ":/Users/robert/.rbenv/rbenv.d:/usr/local/etc/rbenv.d:/etc/rbenv.d:/usr/lib/rbenv/hooks:/Users/robert/.rbenv/plugins/rbenv-aliases/etc/rbenv.d"
RBENV_ROOT => "/Users/robert/.rbenv"
RBENV_SHELL => "zsh"
RBENV_VERSION => "2.1.3"
REDISTOGO_URL => "redis://localhost:6379/"
SHELL => "/bin/zsh"
SHLVL => "1"
SSH_AUTH_SOCK => "/private/tmp/com.apple.launchd.Bua4RfEQZb/Listeners"
TERM => "xterm"
TERM_PROGRAM => "iTerm.app"
TMPDIR => "/var/folders/hv/88ry3x0d4jnb43c2m5q785540000gn/T/"
TWILIO_ACCOUNT_SID => "AC90ef476768231236a33672e68888bf2a"
TWILIO_SECRET => "f62a0ceb0b3bcf91c479282a185a7f67"
TWILIO_SENDER => "+16464806960"
USER => "robert"
VIM_APP_DIR => "/Applications"
XPC_FLAGS => "0x0"
XPC_SERVICE_NAME => "0"
__CF_USER_TEXT_ENCODING => "0x1F5:0x0:0x2"

===== LOAD PATHS:

  0. /Users/robert/.rbenv/versions/2.1.3/lib/ruby/gems/2.1.0/gems/thor-0.19.1/lib
  1. /Users/robert/.rbenv/versions/2.1.3/lib/ruby/gems/2.1.0/extensions/x86_64-darwin-13/2.1.0-static/hitimes-1.2.2
  2. /Users/robert/.rbenv/versions/2.1.3/lib/ruby/gems/2.1.0/gems/hitimes-1.2.2/lib
  3. /Users/robert/.rbenv/versions/2.1.3/lib/ruby/gems/2.1.0/gems/timers-4.0.1/lib
  4. /Users/robert/.rbenv/versions/2.1.3/lib/ruby/gems/2.1.0/gems/celluloid-0.16.0/lib
  5. /Users/robert/.rbenv/versions/2.1.3/lib/ruby/gems/2.1.0/gems/rb-fsevent-0.9.4/lib
  6. /Users/robert/.rbenv/versions/2.1.3/lib/ruby/gems/2.1.0/extensions/x86_64-darwin-13/2.1.0-static/ffi-1.9.3
  7. /Users/robert/.rbenv/versions/2.1.3/lib/ruby/gems/2.1.0/gems/ffi-1.9.3/lib
  8. /Users/robert/.rbenv/versions/2.1.3/lib/ruby/gems/2.1.0/gems/ffi-1.9.3/ext/ffi_c
  9. /Users/robert/.rbenv/versions/2.1.3/lib/ruby/gems/2.1.0/gems/rb-inotify-0.9.5/lib
  10. /Users/robert/.rbenv/versions/2.1.3/lib/ruby/gems/2.1.0/gems/listen-2.8.4/lib
  11. /Users/robert/.rbenv/versions/2.1.3/lib/ruby/gems/2.1.0/gems/coderay-1.1.0/lib
  12. /Users/robert/.rbenv/versions/2.1.3/lib/ruby/gems/2.1.0/gems/slop-3.6.0/lib
  13. /Users/robert/.rbenv/versions/2.1.3/lib/ruby/gems/2.1.0/gems/method_source-0.8.2/lib
  14. /Users/robert/.rbenv/versions/2.1.3/lib/ruby/gems/2.1.0/gems/pry-0.10.1/lib
  15. /Users/robert/.rbenv/versions/2.1.3/lib/ruby/gems/2.1.0/gems/lumberjack-1.0.9/lib
  16. /Users/robert/.rbenv/versions/2.1.3/lib/ruby/gems/2.1.0/gems/formatador-0.2.5/lib
  17. /Users/robert/.rbenv/versions/2.1.3/lib/ruby/gems/2.1.0/gems/nenv-0.1.1/lib
  18. /Users/robert/.rbenv/versions/2.1.3/lib/ruby/gems/2.1.0/gems/guard-2.10.5/lib
  19. /Users/robert/.rbenv/versions/2.1.3/lib/ruby/gems/2.1.0/gems/colored-1.2/lib
  20. /Users/robert/.rbenv/versions/2.1.3/lib/ruby/gems/2.1.0/gems/cri-2.6.1/lib
  21. /Users/robert/.rbenv/versions/2.1.3/lib/ruby/gems/2.1.0/gems/nanoc-3.7.4/lib
  22. /Users/robert/.rbenv/versions/2.1.3/lib/ruby/gems/2.1.0/gems/guard-nanoc-1.0.3/lib
  23. /Users/robert/.rbenv/versions/2.1.3/lib/ruby/gems/2.1.0/gems/temple-0.6.10/lib
  24. /Users/robert/.rbenv/versions/2.1.3/lib/ruby/gems/2.1.0/gems/tilt-1.4.1/lib
  25. /Users/robert/.rbenv/versions/2.1.3/lib/ruby/gems/2.1.0/gems/slim-2.1.0/lib
  26. /Users/robert/.rbenv/versions/2.1.3/lib/ruby/gems/2.1.0/gems/sass-3.2.19/lib
  27. /Users/robert/.rbenv/versions/2.1.3/lib/ruby/gems/2.1.0/gems/haml-4.0.6/lib
  28. /Users/robert/.rbenv/versions/2.1.3/lib/ruby/gems/2.1.0/gems/erubis-2.7.0/lib
  29. /Users/robert/.rbenv/versions/2.1.3/lib/ruby/site_ruby/2.1.0
  30. /Users/robert/.rbenv/versions/2.1.3/lib/ruby/site_ruby/2.1.0/x86_64-darwin13.0
  31. /Users/robert/.rbenv/versions/2.1.3/lib/ruby/site_ruby
  32. /Users/robert/.rbenv/versions/2.1.3/lib/ruby/vendor_ruby/2.1.0
  33. /Users/robert/.rbenv/versions/2.1.3/lib/ruby/vendor_ruby/2.1.0/x86_64-darwin13.0
  34. /Users/robert/.rbenv/versions/2.1.3/lib/ruby/vendor_ruby
  35. /Users/robert/.rbenv/versions/2.1.3/lib/ruby/2.1.0
  36. /Users/robert/.rbenv/versions/2.1.3/lib/ruby/2.1.0/x86_64-darwin13.0
